[0.437s] Invoking command in '/home/user/testing/example11_ws1/build/ros2_control_demo_example_11': AMENT_PREFIX_PATH=/home/user/testing/example11_ws1/install/ros2_control_demo_testing:/home/user/testing/example11_ws1/install/ros2_control_demos:/home/user/testing/example11_ws1/install/ros2_control_demo_example_11:/home/user/testing/example11_ws1/install/ros2_control_demo_description:/home/user/testing/example11_ws1/install/my_robot_hardware_interface:/home/user/workspace_world/ws_1/install/toy_car_description:/home/user/workspace_world/ws_1/install/ros2_control_demos:/home/user/workspace_world/ws_1/install/ros2_control_demo_testing:/home/user/workspace_world/ws_1/install/ros2_control_demo_example_9:/home/user/workspace_world/ws_1/install/ros2_control_demo_example_8:/home/user/workspace_world/ws_1/install/ros2_control_demo_example_7:/home/user/workspace_world/ws_1/install/ros2_control_demo_example_6:/home/user/workspace_world/ws_1/install/ros2_control_demo_example_15:/home/user/workspace_world/ws_1/install/ros2_control_demo_example_13:/home/user/workspace_world/ws_1/install/ros2_control_demo_example_5:/home/user/workspace_world/ws_1/install/ros2_control_demo_example_4:/home/user/workspace_world/ws_1/install/ros2_control_demo_example_3:/home/user/workspace_world/ws_1/install/ros2_control_demo_example_2:/home/user/workspace_world/ws_1/install/ros2_control_demo_example_14:/home/user/workspace_world/ws_1/install/ros2_control_demo_example_12:/home/user/workspace_world/ws_1/install/ros2_control_demo_example_11:/home/user/workspace_world/ws_1/install/ros2_control_demo_example_10:/home/user/workspace_world/ws_1/install/ros2_control_demo_example_1:/home/user/workspace_world/ws_1/install/ros2_control_demo_description:/home/user/workspace_world/ws_2/install/ros2_control_demo_example_2:/home/user/ros2_ws/install/workspace_mapping:/home/user/ros2_ws/install/my_robot_controller:/home/user/ros2_ws/install/fake_imu_package:/home/user/turtlebot3_ws/install/turtlebot3:/home/user/turtlebot3_ws/install/turtlebot3_teleop:/home/user/turtlebot3_ws/install/turtlebot3_simulations:/home/user/turtlebot3_ws/install/turtlebot3_bringup:/home/user/turtlebot3_ws/install/turtlebot3_node:/home/user/turtlebot3_ws/install/turtlebot3_navigation2:/home/user/turtlebot3_ws/install/turtlebot3_gazebo:/home/user/turtlebot3_ws/install/turtlebot3_fake_node:/home/user/turtlebot3_ws/install/turtlebot3_example:/home/user/turtlebot3_ws/install/turtlebot3_description:/home/user/turtlebot3_ws/install/turtlebot3_cartographer:/opt/ros/humble CMAKE_PREFIX_PATH=/home/user/testing/example11_ws1/install/ros2_control_demo_description:/home/user/testing/example11_ws1/install/ros2_control_demos:/home/user/testing/example11_ws1/install/ros2_control_demo_example_11:/home/user/testing/example11_ws1/install/my_robot_hardware_interface:/home/user/workspace_world/ws_1/install/toy_car_description:/home/user/workspace_world/ws_1/install/ros2_control_demos:/home/user/workspace_world/ws_1/install/ros2_control_demo_example_9:/home/user/workspace_world/ws_1/install/ros2_control_demo_example_8:/home/user/workspace_world/ws_1/install/ros2_control_demo_example_7:/home/user/workspace_world/ws_1/install/ros2_control_demo_example_6:/home/user/workspace_world/ws_1/install/ros2_control_demo_example_15:/home/user/workspace_world/ws_1/install/ros2_control_demo_example_13:/home/user/workspace_world/ws_1/install/ros2_control_demo_example_5:/home/user/workspace_world/ws_1/install/ros2_control_demo_example_4:/home/user/workspace_world/ws_1/install/ros2_control_demo_example_3:/home/user/workspace_world/ws_1/install/ros2_control_demo_example_2:/home/user/workspace_world/ws_1/install/ros2_control_demo_example_14:/home/user/workspace_world/ws_1/install/ros2_control_demo_example_12:/home/user/workspace_world/ws_1/install/ros2_control_demo_example_11:/home/user/workspace_world/ws_1/install/ros2_control_demo_example_10:/home/user/workspace_world/ws_1/install/ros2_control_demo_example_1:/home/user/workspace_world/ws_1/install/ros2_control_demo_description:/home/user/workspace_world/ws_2/install/ros2_control_demo_example_2:/usr/local:/home/user/turtlebot3_ws/install/turtlebot3:/home/user/turtlebot3_ws/install/turtlebot3_simulations:/home/user/turtlebot3_ws/install/turtlebot3_bringup:/home/user/turtlebot3_ws/install/turtlebot3_node:/home/user/turtlebot3_ws/install/turtlebot3_navigation2:/home/user/turtlebot3_ws/install/turtlebot3_gazebo:/home/user/turtlebot3_ws/install/turtlebot3_fake_node:/home/user/turtlebot3_ws/install/turtlebot3_description:/home/user/turtlebot3_ws/install/turtlebot3_cartographer:/home/user/testing/example11_ws1/install/ros2_control_demo_testing:/home/user/workspace_world/ws_1/install/ros2_control_demo_testing:/home/user/ros2_ws/install/workspace_mapping:/home/user/ros2_ws/install/my_robot_controller:/home/user/ros2_ws/install/fake_imu_package:/home/user/turtlebot3_ws/install/turtlebot3_teleop:/home/user/turtlebot3_ws/install/turtlebot3_example:/opt/ros/humble /usr/bin/cmake --build /home/user/testing/example11_ws1/build/ros2_control_demo_example_11 -- -j8 -l8
[0.532s] [35m[1mConsolidate compiler generated dependencies of target ros2_control_demo_example_11[0m
[0.570s] [ 50%] [32mBuilding CXX object CMakeFiles/ros2_control_demo_example_11.dir/hardware/carlikebot_system.cpp.o[0m
[5.226s] [01m[K/home/user/testing/example11_ws1/src/example_11/hardware/carlikebot_system.cpp:[m[K In member function â€˜[01m[Kvirtual hardware_interface::CallbackReturn ros2_control_demo_example_11::CarlikeBotSystemHardware::on_init(const hardware_interface::HardwareInfo&)[m[Kâ€™:
[5.226s] [01m[K/home/user/testing/example11_ws1/src/example_11/hardware/carlikebot_system.cpp:36:10:[m[K [01;31m[Kerror: [m[Kâ€˜[01m[Kvalidate_joint_interfaces[m[Kâ€™ was not declared in this scope
[5.226s]    36 |     if (![01;31m[Kvalidate_joint_interfaces[m[K(joint))
[5.226s]       |          [01;31m[K^~~~~~~~~~~~~~~~~~~~~~~~~[m[K
[5.258s] [01m[K/home/user/testing/example11_ws1/src/example_11/hardware/carlikebot_system.cpp:[m[K In member function â€˜[01m[Kvirtual std::vector<hardware_interface::StateInterface> ros2_control_demo_example_11::CarlikeBotSystemHardware::export_state_interfaces()[m[Kâ€™:
[5.258s] [01m[K/home/user/testing/example11_ws1/src/example_11/hardware/carlikebot_system.cpp:66:3:[m[K [01;31m[Kerror: [m[Kâ€˜[01m[Klog_exported_interfaces[m[Kâ€™ was not declared in this scope
[5.258s]    66 |   [01;31m[Klog_exported_interfaces[m[K("state", state_interfaces);
[5.258s]       |   [01;31m[K^~~~~~~~~~~~~~~~~~~~~~~[m[K
[5.279s] [01m[K/home/user/testing/example11_ws1/src/example_11/hardware/carlikebot_system.cpp:[m[K In member function â€˜[01m[Kvirtual std::vector<hardware_interface::CommandInterface> ros2_control_demo_example_11::CarlikeBotSystemHardware::export_command_interfaces()[m[Kâ€™:
[5.279s] [01m[K/home/user/testing/example11_ws1/src/example_11/hardware/carlikebot_system.cpp:82:3:[m[K [01;31m[Kerror: [m[Kâ€˜[01m[Klog_exported_interfaces[m[Kâ€™ was not declared in this scope
[5.279s]    82 |   [01;31m[Klog_exported_interfaces[m[K("command", command_interfaces);
[5.279s]       |   [01;31m[K^~~~~~~~~~~~~~~~~~~~~~~[m[K
[5.288s] [01m[K/home/user/testing/example11_ws1/src/example_11/hardware/carlikebot_system.cpp:[m[K At global scope:
[5.288s] [01m[K/home/user/testing/example11_ws1/src/example_11/hardware/carlikebot_system.cpp:143:6:[m[K [01;31m[Kerror: [m[Kno declaration matches â€˜[01m[Kbool ros2_control_demo_example_11::CarlikeBotSystemHardware::validate_joint_interfaces(const hardware_interface::ComponentInfo&)[m[Kâ€™
[5.288s]   143 | bool [01;31m[KCarlikeBotSystemHardware[m[K::validate_joint_interfaces(const hardware_interface::ComponentInfo & joint)
[5.288s]       |      [01;31m[K^~~~~~~~~~~~~~~~~~~~~~~~[m[K
[5.289s] [01m[K/home/user/testing/example11_ws1/src/example_11/hardware/carlikebot_system.cpp:143:6:[m[K [01;36m[Knote: [m[Kno functions named â€˜[01m[Kbool ros2_control_demo_example_11::CarlikeBotSystemHardware::validate_joint_interfaces(const hardware_interface::ComponentInfo&)[m[Kâ€™
[5.289s] In file included from [01m[K/home/user/testing/example11_ws1/src/example_11/hardware/carlikebot_system.cpp:1[m[K:
[5.289s] [01m[K/home/user/testing/example11_ws1/src/example_11/hardware/include/ros2_control_demo_example_11/carlikebot_system.hpp:59:7:[m[K [01;36m[Knote: [m[Kâ€˜[01m[Kclass ros2_control_demo_example_11::CarlikeBotSystemHardware[m[Kâ€™ defined here
[5.289s]    59 | class [01;36m[KCarlikeBotSystemHardware[m[K : public hardware_interface::SystemInterface
[5.289s]       |       [01;36m[K^~~~~~~~~~~~~~~~~~~~~~~~[m[K
[5.289s] [01m[K/home/user/testing/example11_ws1/src/example_11/hardware/carlikebot_system.cpp:173:6:[m[K [01;31m[Kerror: [m[Kno declaration matches â€˜[01m[Kvoid ros2_control_demo_example_11::CarlikeBotSystemHardware::log_exported_interfaces(const string&, const std::vector<BufferT>&)[m[Kâ€™
[5.289s]   173 | void [01;31m[KCarlikeBotSystemHardware[m[K::log_exported_interfaces(
[5.289s]       |      [01;31m[K^~~~~~~~~~~~~~~~~~~~~~~~[m[K
[5.289s] [01m[K/home/user/testing/example11_ws1/src/example_11/hardware/carlikebot_system.cpp:173:6:[m[K [01;36m[Knote: [m[Kno functions named â€˜[01m[Kvoid ros2_control_demo_example_11::CarlikeBotSystemHardware::log_exported_interfaces(const string&, const std::vector<BufferT>&)[m[Kâ€™
[5.290s] In file included from [01m[K/home/user/testing/example11_ws1/src/example_11/hardware/carlikebot_system.cpp:1[m[K:
[5.290s] [01m[K/home/user/testing/example11_ws1/src/example_11/hardware/include/ros2_control_demo_example_11/carlikebot_system.hpp:59:7:[m[K [01;36m[Knote: [m[Kâ€˜[01m[Kclass ros2_control_demo_example_11::CarlikeBotSystemHardware[m[Kâ€™ defined here
[5.290s]    59 | class [01;36m[KCarlikeBotSystemHardware[m[K : public hardware_interface::SystemInterface
[5.290s]       |       [01;36m[K^~~~~~~~~~~~~~~~~~~~~~~~[m[K
[6.381s] gmake[2]: *** [CMakeFiles/ros2_control_demo_example_11.dir/build.make:76: CMakeFiles/ros2_control_demo_example_11.dir/hardware/carlikebot_system.cpp.o] Error 1
[6.382s] gmake[1]: *** [CMakeFiles/Makefile2:137: CMakeFiles/ros2_control_demo_example_11.dir/all] Error 2
[6.382s] gmake: *** [Makefile:146: all] Error 2
[6.390s] Invoked command in '/home/user/testing/example11_ws1/build/ros2_control_demo_example_11' returned '2': AMENT_PREFIX_PATH=/home/user/testing/example11_ws1/install/ros2_control_demo_testing:/home/user/testing/example11_ws1/install/ros2_control_demos:/home/user/testing/example11_ws1/install/ros2_control_demo_example_11:/home/user/testing/example11_ws1/install/ros2_control_demo_description:/home/user/testing/example11_ws1/install/my_robot_hardware_interface:/home/user/workspace_world/ws_1/install/toy_car_description:/home/user/workspace_world/ws_1/install/ros2_control_demos:/home/user/workspace_world/ws_1/install/ros2_control_demo_testing:/home/user/workspace_world/ws_1/install/ros2_control_demo_example_9:/home/user/workspace_world/ws_1/install/ros2_control_demo_example_8:/home/user/workspace_world/ws_1/install/ros2_control_demo_example_7:/home/user/workspace_world/ws_1/install/ros2_control_demo_example_6:/home/user/workspace_world/ws_1/install/ros2_control_demo_example_15:/home/user/workspace_world/ws_1/install/ros2_control_demo_example_13:/home/user/workspace_world/ws_1/install/ros2_control_demo_example_5:/home/user/workspace_world/ws_1/install/ros2_control_demo_example_4:/home/user/workspace_world/ws_1/install/ros2_control_demo_example_3:/home/user/workspace_world/ws_1/install/ros2_control_demo_example_2:/home/user/workspace_world/ws_1/install/ros2_control_demo_example_14:/home/user/workspace_world/ws_1/install/ros2_control_demo_example_12:/home/user/workspace_world/ws_1/install/ros2_control_demo_example_11:/home/user/workspace_world/ws_1/install/ros2_control_demo_example_10:/home/user/workspace_world/ws_1/install/ros2_control_demo_example_1:/home/user/workspace_world/ws_1/install/ros2_control_demo_description:/home/user/workspace_world/ws_2/install/ros2_control_demo_example_2:/home/user/ros2_ws/install/workspace_mapping:/home/user/ros2_ws/install/my_robot_controller:/home/user/ros2_ws/install/fake_imu_package:/home/user/turtlebot3_ws/install/turtlebot3:/home/user/turtlebot3_ws/install/turtlebot3_teleop:/home/user/turtlebot3_ws/install/turtlebot3_simulations:/home/user/turtlebot3_ws/install/turtlebot3_bringup:/home/user/turtlebot3_ws/install/turtlebot3_node:/home/user/turtlebot3_ws/install/turtlebot3_navigation2:/home/user/turtlebot3_ws/install/turtlebot3_gazebo:/home/user/turtlebot3_ws/install/turtlebot3_fake_node:/home/user/turtlebot3_ws/install/turtlebot3_example:/home/user/turtlebot3_ws/install/turtlebot3_description:/home/user/turtlebot3_ws/install/turtlebot3_cartographer:/opt/ros/humble CMAKE_PREFIX_PATH=/home/user/testing/example11_ws1/install/ros2_control_demo_description:/home/user/testing/example11_ws1/install/ros2_control_demos:/home/user/testing/example11_ws1/install/ros2_control_demo_example_11:/home/user/testing/example11_ws1/install/my_robot_hardware_interface:/home/user/workspace_world/ws_1/install/toy_car_description:/home/user/workspace_world/ws_1/install/ros2_control_demos:/home/user/workspace_world/ws_1/install/ros2_control_demo_example_9:/home/user/workspace_world/ws_1/install/ros2_control_demo_example_8:/home/user/workspace_world/ws_1/install/ros2_control_demo_example_7:/home/user/workspace_world/ws_1/install/ros2_control_demo_example_6:/home/user/workspace_world/ws_1/install/ros2_control_demo_example_15:/home/user/workspace_world/ws_1/install/ros2_control_demo_example_13:/home/user/workspace_world/ws_1/install/ros2_control_demo_example_5:/home/user/workspace_world/ws_1/install/ros2_control_demo_example_4:/home/user/workspace_world/ws_1/install/ros2_control_demo_example_3:/home/user/workspace_world/ws_1/install/ros2_control_demo_example_2:/home/user/workspace_world/ws_1/install/ros2_control_demo_example_14:/home/user/workspace_world/ws_1/install/ros2_control_demo_example_12:/home/user/workspace_world/ws_1/install/ros2_control_demo_example_11:/home/user/workspace_world/ws_1/install/ros2_control_demo_example_10:/home/user/workspace_world/ws_1/install/ros2_control_demo_example_1:/home/user/workspace_world/ws_1/install/ros2_control_demo_description:/home/user/workspace_world/ws_2/install/ros2_control_demo_example_2:/usr/local:/home/user/turtlebot3_ws/install/turtlebot3:/home/user/turtlebot3_ws/install/turtlebot3_simulations:/home/user/turtlebot3_ws/install/turtlebot3_bringup:/home/user/turtlebot3_ws/install/turtlebot3_node:/home/user/turtlebot3_ws/install/turtlebot3_navigation2:/home/user/turtlebot3_ws/install/turtlebot3_gazebo:/home/user/turtlebot3_ws/install/turtlebot3_fake_node:/home/user/turtlebot3_ws/install/turtlebot3_description:/home/user/turtlebot3_ws/install/turtlebot3_cartographer:/home/user/testing/example11_ws1/install/ros2_control_demo_testing:/home/user/workspace_world/ws_1/install/ros2_control_demo_testing:/home/user/ros2_ws/install/workspace_mapping:/home/user/ros2_ws/install/my_robot_controller:/home/user/ros2_ws/install/fake_imu_package:/home/user/turtlebot3_ws/install/turtlebot3_teleop:/home/user/turtlebot3_ws/install/turtlebot3_example:/opt/ros/humble /usr/bin/cmake --build /home/user/testing/example11_ws1/build/ros2_control_demo_example_11 -- -j8 -l8
